Using pre-set license
Built from '2020.3/release' branch; Version is '2020.3.12f1 (b3b2c6512326) revision 11776710'; Using compiler version '192528614'; Build Type 'Release'
OS: 'Windows 10 Pro; OS build 19041.1237; Version 2004; 64bit' Language: 'en' Physical Memory: 8075 MB
BatchMode: 1, IsHumanControllingUs: 0, StartBugReporterOnCrash: 0, Is64bit: 1, IsPro: 0

 COMMAND LINE ARGUMENTS:
C:\Program Files\Unity\Hub\Editor\2020.3.12f1\Editor\Unity.exe
-adb2
-batchMode
-noUpm
-name
AssetImportWorker0
-projectPath
F:/Projects/Spiritscape
-logFile
Logs/AssetImportWorker0.log
-srvPort
50328
Successfully changed project path to: F:/Projects/Spiritscape
F:/Projects/Spiritscape
Using Asset Import Pipeline V2.
Refreshing native plugins compatible for Editor in 56.13 ms, found 3 plugins.
Preloading 0 native plugins for Editor in 0.00 ms.
Initialize engine version: 2020.3.12f1 (b3b2c6512326)
[Subsystems] Discovering subsystems at path C:/Program Files/Unity/Hub/Editor/2020.3.12f1/Editor/Data/Resources/UnitySubsystems
[Subsystems] Discovering subsystems at path F:/Projects/Spiritscape/Assets
GfxDevice: creating device client; threaded=0
Direct3D:
    Version:  Direct3D 11.0 [level 11.0]
    Renderer: NVIDIA GeForce 940MX (ID=0x134d)
    Vendor:   
    VRAM:     2010 MB
    Driver:   27.21.14.5167
Initialize mono
Mono path[0] = 'C:/Program Files/Unity/Hub/Editor/2020.3.12f1/Editor/Data/Managed'
Mono path[1] = 'C:/Program Files/Unity/Hub/Editor/2020.3.12f1/Editor/Data/MonoBleedingEdge/lib/mono/unityjit'
Mono config path = 'C:/Program Files/Unity/Hub/Editor/2020.3.12f1/Editor/Data/MonoBleedingEdge/etc'
Using monoOptions --debugger-agent=transport=dt_socket,embedding=1,server=y,suspend=n,address=127.0.0.1:56528
Begin MonoManager ReloadAssembly
Registering precompiled unity dll's ...
Register platform support module: C:/Program Files/Unity/Hub/Editor/2020.3.12f1/Editor/Data/PlaybackEngines/WindowsStandaloneSupport/UnityEditor.WindowsStandalone.Extensions.dll
Registered in 0.006847 seconds.
Native extension for WindowsStandalone target not found
Refreshing native plugins compatible for Editor in 52.42 ms, found 3 plugins.
Preloading 0 native plugins for Editor in 0.00 ms.
Mono: successfully reloaded assembly
- Completed reload, in  3.749 seconds
Platform modules already initialized, skipping
Registering precompiled user dll's ...
Registered in 0.007340 seconds.
Begin MonoManager ReloadAssembly
OnLevelWasLoaded was found on LeaderboardsController
This message has been deprecated and will be removed in a later version of Unity.
Add a delegate to SceneManager.sceneLoaded instead to get notifications after scene loading has completed

Native extension for WindowsStandalone target not found
Refreshing native plugins compatible for Editor in 49.59 ms, found 3 plugins.
Preloading 0 native plugins for Editor in 0.00 ms.
Mono: successfully reloaded assembly
- Completed reload, in  1.549 seconds
Platform modules already initialized, skipping
========================================================================
Worker process is ready to serve import requests
Launched and connected shader compiler UnityShaderCompiler.exe after 0.08 seconds
Refreshing native plugins compatible for Editor in 0.47 ms, found 3 plugins.
Preloading 0 native plugins for Editor in 0.00 ms.
Unloading 2104 Unused Serialized files (Serialized files now loaded: 0)
System memory in use before: 95.4 MB.
System memory in use after: 95.3 MB.

Unloading 33 unused Assets to reduce memory usage. Loaded Objects now: 2538.
Total: 3.068200 ms (FindLiveObjects: 0.223600 ms CreateObjectMapping: 0.110900 ms MarkObjects: 2.558400 ms  DeleteObjects: 0.173300 ms)

AssetImportParameters requested are different than current active one (requested -> active):
  custom:framework-win-MediaFoundation: 216162199b28c13a410421893ffa2e32 -> 
  custom:video-decoder-ogg-theora: a1e56fd34408186e4bbccfd4996cb3dc -> 
  custom:container-muxer-webm: aa71ff27fc2769a1b78a27578f13a17b -> 
  custom:container-demuxer-webm: 4f35f7cbe854078d1ac9338744f61a02 -> 
  custom:container-demuxer-ogg: 62fdf1f143b41e24485cea50d1cbac27 -> 
  custom:video-encoder-webm-vp8: eb34c28f22e8b96e1ab97ce403110664 -> 
  custom:video-decoder-webm-vp8: 9c59270c3fd7afecdb556c50c9e8de78 -> 
  custom:audio-decoder-ogg-vorbis: bf7c407c2cedff20999df2af8eb42d56 -> 
  custom:audio-encoder-webm-vorbis: bf7c407c2cedff20999df2af8eb42d56 -> 
========================================================================
Received Import Request.
  path: Assets/Scenes/Gameplay.unity
  artifactKey: Guid(f5b12ecb0578c214b82e2145cbd89b8b) Importer(815301076,1909f56bfc062723c751e8b465ee728b)
Start importing Assets/Scenes/Gameplay.unity using Guid(f5b12ecb0578c214b82e2145cbd89b8b) Importer(815301076,1909f56bfc062723c751e8b465ee728b)  -> (artifact id: '87c102b8ebc7e17cbe88f0622f4d0d5c') in 0.049723 seconds 
  Import took 0.056420 seconds .

========================================================================
Received Prepare
Registering precompiled user dll's ...
Registered in 0.005060 seconds.
Begin MonoManager ReloadAssembly
Native extension for WindowsStandalone target not found
Refreshing native plugins compatible for Editor in 0.82 ms, found 3 plugins.
Preloading 0 native plugins for Editor in 0.00 ms.
Mono: successfully reloaded assembly
- Completed reload, in  1.840 seconds
Platform modules already initialized, skipping
OnLevelWasLoaded was found on LeaderboardsController
This message has been deprecated and will be removed in a later version of Unity.
Add a delegate to SceneManager.sceneLoaded instead to get notifications after scene loading has completed

Switching build target platform(19) subTarget(0) extendedPlatform(0) -> platform(13) subTarget(537395200) extendedPlatform(0)
Refreshing native plugins compatible for Editor in 0.54 ms, found 3 plugins.
Preloading 0 native plugins for Editor in 0.00 ms.
Unloading 2089 Unused Serialized files (Serialized files now loaded: 0)
System memory in use before: 94.1 MB.
System memory in use after: 94.1 MB.

Unloading 21 unused Assets to reduce memory usage. Loaded Objects now: 2542.
Total: 3.781100 ms (FindLiveObjects: 0.326300 ms CreateObjectMapping: 0.155200 ms MarkObjects: 3.149700 ms  DeleteObjects: 0.148500 ms)

AssetImportParameters requested are different than current active one (requested -> active):
  custom:framework-win-MediaFoundation: 216162199b28c13a410421893ffa2e32 -> 
  custom:video-decoder-ogg-theora: a1e56fd34408186e4bbccfd4996cb3dc -> 
  custom:container-muxer-webm: aa71ff27fc2769a1b78a27578f13a17b -> 
  custom:container-demuxer-webm: 4f35f7cbe854078d1ac9338744f61a02 -> 
  custom:container-demuxer-ogg: 62fdf1f143b41e24485cea50d1cbac27 -> 
  custom:video-encoder-webm-vp8: eb34c28f22e8b96e1ab97ce403110664 -> 
  custom:video-decoder-webm-vp8: 9c59270c3fd7afecdb556c50c9e8de78 -> 
  custom:graphics/normal-map-encoding: 01000000000000000000000000000000 -> 02000000000000000000000000000000
  custom:audio-decoder-ogg-vorbis: bf7c407c2cedff20999df2af8eb42d56 -> 
  custom:audio-encoder-webm-vorbis: bf7c407c2cedff20999df2af8eb42d56 -> 
========================================================================
Received Prepare
Registering precompiled user dll's ...
Registered in 0.005953 seconds.
Begin MonoManager ReloadAssembly
Native extension for WindowsStandalone target not found
Refreshing native plugins compatible for Editor in 0.51 ms, found 3 plugins.
Preloading 0 native plugins for Editor in 0.00 ms.
Mono: successfully reloaded assembly
- Completed reload, in  1.637 seconds
Platform modules already initialized, skipping
OnLevelWasLoaded was found on LeaderboardsController
This message has been deprecated and will be removed in a later version of Unity.
Add a delegate to SceneManager.sceneLoaded instead to get notifications after scene loading has completed

Switching build target platform(19) subTarget(0) extendedPlatform(0) -> platform(13) subTarget(537395200) extendedPlatform(0)
Refreshing native plugins compatible for Editor in 0.77 ms, found 3 plugins.
Preloading 0 native plugins for Editor in 0.00 ms.
Unloading 2089 Unused Serialized files (Serialized files now loaded: 0)
System memory in use before: 94.1 MB.
System memory in use after: 94.1 MB.

Unloading 21 unused Assets to reduce memory usage. Loaded Objects now: 2546.
Total: 3.841500 ms (FindLiveObjects: 0.344500 ms CreateObjectMapping: 0.162200 ms MarkObjects: 3.140600 ms  DeleteObjects: 0.192400 ms)

AssetImportParameters requested are different than current active one (requested -> active):
  custom:framework-win-MediaFoundation: 216162199b28c13a410421893ffa2e32 -> 
  custom:video-decoder-ogg-theora: a1e56fd34408186e4bbccfd4996cb3dc -> 
  custom:container-muxer-webm: aa71ff27fc2769a1b78a27578f13a17b -> 
  custom:container-demuxer-webm: 4f35f7cbe854078d1ac9338744f61a02 -> 
  custom:container-demuxer-ogg: 62fdf1f143b41e24485cea50d1cbac27 -> 
  custom:video-encoder-webm-vp8: eb34c28f22e8b96e1ab97ce403110664 -> 
  custom:video-decoder-webm-vp8: 9c59270c3fd7afecdb556c50c9e8de78 -> 
  custom:graphics/normal-map-encoding: 01000000000000000000000000000000 -> 02000000000000000000000000000000
  custom:audio-decoder-ogg-vorbis: bf7c407c2cedff20999df2af8eb42d56 -> 
  custom:audio-encoder-webm-vorbis: bf7c407c2cedff20999df2af8eb42d56 -> 
========================================================================
Received Prepare
Registering precompiled user dll's ...
Registered in 0.006759 seconds.
Begin MonoManager ReloadAssembly
Native extension for WindowsStandalone target not found
Refreshing native plugins compatible for Editor in 0.60 ms, found 3 plugins.
Preloading 0 native plugins for Editor in 0.00 ms.
Mono: successfully reloaded assembly
- Completed reload, in  1.726 seconds
Platform modules already initialized, skipping
OnLevelWasLoaded was found on LeaderboardsController
This message has been deprecated and will be removed in a later version of Unity.
Add a delegate to SceneManager.sceneLoaded instead to get notifications after scene loading has completed

Switching build target platform(19) subTarget(0) extendedPlatform(0) -> platform(13) subTarget(537395200) extendedPlatform(0)
Refreshing native plugins compatible for Editor in 0.87 ms, found 3 plugins.
Preloading 0 native plugins for Editor in 0.00 ms.
Unloading 2089 Unused Serialized files (Serialized files now loaded: 0)
System memory in use before: 94.1 MB.
System memory in use after: 94.1 MB.

Unloading 21 unused Assets to reduce memory usage. Loaded Objects now: 2550.
Total: 3.032700 ms (FindLiveObjects: 0.221400 ms CreateObjectMapping: 0.097900 ms MarkObjects: 2.580700 ms  DeleteObjects: 0.131000 ms)

AssetImportParameters requested are different than current active one (requested -> active):
  custom:framework-win-MediaFoundation: 216162199b28c13a410421893ffa2e32 -> 
  custom:video-decoder-ogg-theora: a1e56fd34408186e4bbccfd4996cb3dc -> 
  custom:container-muxer-webm: aa71ff27fc2769a1b78a27578f13a17b -> 
  custom:container-demuxer-webm: 4f35f7cbe854078d1ac9338744f61a02 -> 
  custom:container-demuxer-ogg: 62fdf1f143b41e24485cea50d1cbac27 -> 
  custom:video-encoder-webm-vp8: eb34c28f22e8b96e1ab97ce403110664 -> 
  custom:video-decoder-webm-vp8: 9c59270c3fd7afecdb556c50c9e8de78 -> 
  custom:graphics/normal-map-encoding: 01000000000000000000000000000000 -> 02000000000000000000000000000000
  custom:audio-decoder-ogg-vorbis: bf7c407c2cedff20999df2af8eb42d56 -> 
  custom:audio-encoder-webm-vorbis: bf7c407c2cedff20999df2af8eb42d56 -> 
========================================================================
Received Prepare
Registering precompiled user dll's ...
Registered in 0.005444 seconds.
Begin MonoManager ReloadAssembly
Native extension for WindowsStandalone target not found
Refreshing native plugins compatible for Editor in 0.51 ms, found 3 plugins.
Preloading 0 native plugins for Editor in 0.00 ms.
Mono: successfully reloaded assembly
- Completed reload, in  1.547 seconds
Platform modules already initialized, skipping
OnLevelWasLoaded was found on LeaderboardsController
This message has been deprecated and will be removed in a later version of Unity.
Add a delegate to SceneManager.sceneLoaded instead to get notifications after scene loading has completed

Switching build target platform(19) subTarget(0) extendedPlatform(0) -> platform(13) subTarget(537395200) extendedPlatform(0)
Refreshing native plugins compatible for Editor in 0.47 ms, found 3 plugins.
Preloading 0 native plugins for Editor in 0.00 ms.
Unloading 2089 Unused Serialized files (Serialized files now loaded: 0)
System memory in use before: 94.2 MB.
System memory in use after: 94.1 MB.

Unloading 21 unused Assets to reduce memory usage. Loaded Objects now: 2554.
Total: 2.887600 ms (FindLiveObjects: 0.254800 ms CreateObjectMapping: 0.134400 ms MarkObjects: 2.372800 ms  DeleteObjects: 0.124000 ms)

AssetImportParameters requested are different than current active one (requested -> active):
  custom:framework-win-MediaFoundation: 216162199b28c13a410421893ffa2e32 -> 
  custom:video-decoder-ogg-theora: a1e56fd34408186e4bbccfd4996cb3dc -> 
  custom:container-muxer-webm: aa71ff27fc2769a1b78a27578f13a17b -> 
  custom:container-demuxer-webm: 4f35f7cbe854078d1ac9338744f61a02 -> 
  custom:container-demuxer-ogg: 62fdf1f143b41e24485cea50d1cbac27 -> 
  custom:video-encoder-webm-vp8: eb34c28f22e8b96e1ab97ce403110664 -> 
  custom:video-decoder-webm-vp8: 9c59270c3fd7afecdb556c50c9e8de78 -> 
  custom:graphics/normal-map-encoding: 01000000000000000000000000000000 -> 02000000000000000000000000000000
  custom:audio-decoder-ogg-vorbis: bf7c407c2cedff20999df2af8eb42d56 -> 
  custom:audio-encoder-webm-vorbis: bf7c407c2cedff20999df2af8eb42d56 -> 
========================================================================
Received Import Request.
  Time since last request: 235.677020 seconds.
  path: Assets/Sprites/sprites.png
  artifactKey: Guid(7b604d134842dd048af3170dc6e2614b) Importer(815301076,1909f56bfc062723c751e8b465ee728b)
Start importing Assets/Sprites/sprites.png using Guid(7b604d134842dd048af3170dc6e2614b) Importer(815301076,1909f56bfc062723c751e8b465ee728b)  -> (artifact id: '8da87bda3134e982df6a6cbd047c1abd') in 0.391060 seconds 
  Import took 0.398640 seconds .

========================================================================
Received Import Request.
  Time since last request: 6.398133 seconds.
  path: Assets/Sprites/pipes.png
  artifactKey: Guid(eb63c2ba811832743a4b57ca191b67d9) Importer(815301076,1909f56bfc062723c751e8b465ee728b)
Start importing Assets/Sprites/pipes.png using Guid(eb63c2ba811832743a4b57ca191b67d9) Importer(815301076,1909f56bfc062723c751e8b465ee728b)  -> (artifact id: '02942fae4744fc9428bac53df6d63455') in 0.082548 seconds 
  Import took 0.093063 seconds .

========================================================================
Received Import Request.
  Time since last request: 29.102307 seconds.
  path: Assets/Animation/Spirit2_Dead.anim
  artifactKey: Guid(a176837c48aebd046bee7c57e498a677) Importer(815301076,1909f56bfc062723c751e8b465ee728b)
Start importing Assets/Animation/Spirit2_Dead.anim using Guid(a176837c48aebd046bee7c57e498a677) Importer(815301076,1909f56bfc062723c751e8b465ee728b)  -> (artifact id: '168f88d507f564fbcdc2e6a51bea05ca') in 0.016955 seconds 
  Import took 0.023900 seconds .

========================================================================
Received Import Request.
  Time since last request: 0.003711 seconds.
  path: Assets/Animation/Spirit2_Dead.anim
  artifactKey: Guid(a176837c48aebd046bee7c57e498a677) Importer(815301076,1909f56bfc062723c751e8b465ee728b)
Start importing Assets/Animation/Spirit2_Dead.anim using Guid(a176837c48aebd046bee7c57e498a677) Importer(815301076,1909f56bfc062723c751e8b465ee728b)  -> (artifact id: '168f88d507f564fbcdc2e6a51bea05ca') in 0.008814 seconds 
  Import took 0.016423 seconds .

========================================================================
Received Import Request.
  Time since last request: 12.752477 seconds.
  path: Assets/Animation/sprite2.controller
  artifactKey: Guid(35d8cb24ab78f56449db2c8b577e1ee3) Importer(815301076,1909f56bfc062723c751e8b465ee728b)
Start importing Assets/Animation/sprite2.controller using Guid(35d8cb24ab78f56449db2c8b577e1ee3) Importer(815301076,1909f56bfc062723c751e8b465ee728b)  -> (artifact id: '14ba85646e6f9b3189224d4082688790') in 0.010055 seconds 
  Import took 0.015385 seconds .

========================================================================
Received Import Request.
  Time since last request: 0.006425 seconds.
  path: Assets/Animation/sprite2.controller
  artifactKey: Guid(35d8cb24ab78f56449db2c8b577e1ee3) Importer(815301076,1909f56bfc062723c751e8b465ee728b)
Start importing Assets/Animation/sprite2.controller using Guid(35d8cb24ab78f56449db2c8b577e1ee3) Importer(815301076,1909f56bfc062723c751e8b465ee728b)  -> (artifact id: '14ba85646e6f9b3189224d4082688790') in 0.005349 seconds 
  Import took 0.012109 seconds .

========================================================================
Received Prepare
Registering precompiled user dll's ...
Registered in 0.004942 seconds.
Begin MonoManager ReloadAssembly
Native extension for WindowsStandalone target not found
Refreshing native plugins compatible for Editor in 0.50 ms, found 3 plugins.
Preloading 0 native plugins for Editor in 0.00 ms.
Mono: successfully reloaded assembly
- Completed reload, in  1.776 seconds
Platform modules already initialized, skipping
OnLevelWasLoaded was found on LeaderboardsController
This message has been deprecated and will be removed in a later version of Unity.
Add a delegate to SceneManager.sceneLoaded instead to get notifications after scene loading has completed

Switching build target platform(19) subTarget(0) extendedPlatform(0) -> platform(13) subTarget(537395200) extendedPlatform(0)
Refreshing native plugins compatible for Editor in 0.54 ms, found 3 plugins.
Preloading 0 native plugins for Editor in 0.00 ms.
Unloading 2089 Unused Serialized files (Serialized files now loaded: 0)
System memory in use before: 97.2 MB.
System memory in use after: 97.2 MB.

Unloading 21 unused Assets to reduce memory usage. Loaded Objects now: 2605.
Total: 4.056400 ms (FindLiveObjects: 0.323700 ms CreateObjectMapping: 0.135700 ms MarkObjects: 3.434000 ms  DeleteObjects: 0.161000 ms)

AssetImportParameters requested are different than current active one (requested -> active):
  custom:framework-win-MediaFoundation: 216162199b28c13a410421893ffa2e32 -> 
  custom:video-decoder-ogg-theora: a1e56fd34408186e4bbccfd4996cb3dc -> 
  custom:container-muxer-webm: aa71ff27fc2769a1b78a27578f13a17b -> 
  custom:container-demuxer-webm: 4f35f7cbe854078d1ac9338744f61a02 -> 
  custom:container-demuxer-ogg: 62fdf1f143b41e24485cea50d1cbac27 -> 
  custom:video-encoder-webm-vp8: eb34c28f22e8b96e1ab97ce403110664 -> 
  custom:video-decoder-webm-vp8: 9c59270c3fd7afecdb556c50c9e8de78 -> 
  custom:graphics/normal-map-encoding: 01000000000000000000000000000000 -> 02000000000000000000000000000000
  custom:audio-decoder-ogg-vorbis: bf7c407c2cedff20999df2af8eb42d56 -> 
  custom:audio-encoder-webm-vorbis: bf7c407c2cedff20999df2af8eb42d56 -> 
========================================================================
Received Prepare
Registering precompiled user dll's ...
Registered in 0.006335 seconds.
Begin MonoManager ReloadAssembly
Native extension for WindowsStandalone target not found
Refreshing native plugins compatible for Editor in 0.85 ms, found 3 plugins.
Preloading 0 native plugins for Editor in 0.00 ms.
Mono: successfully reloaded assembly
- Completed reload, in  1.981 seconds
Platform modules already initialized, skipping
OnLevelWasLoaded was found on LeaderboardsController
This message has been deprecated and will be removed in a later version of Unity.
Add a delegate to SceneManager.sceneLoaded instead to get notifications after scene loading has completed

Switching build target platform(19) subTarget(0) extendedPlatform(0) -> platform(13) subTarget(537395200) extendedPlatform(0)
Refreshing native plugins compatible for Editor in 0.49 ms, found 3 plugins.
Preloading 0 native plugins for Editor in 0.00 ms.
Unloading 2089 Unused Serialized files (Serialized files now loaded: 0)
System memory in use before: 97.2 MB.
System memory in use after: 97.2 MB.

Unloading 21 unused Assets to reduce memory usage. Loaded Objects now: 2609.
Total: 3.676100 ms (FindLiveObjects: 0.242700 ms CreateObjectMapping: 0.102100 ms MarkObjects: 3.159600 ms  DeleteObjects: 0.170300 ms)

AssetImportParameters requested are different than current active one (requested -> active):
  custom:framework-win-MediaFoundation: 216162199b28c13a410421893ffa2e32 -> 
  custom:video-decoder-ogg-theora: a1e56fd34408186e4bbccfd4996cb3dc -> 
  custom:container-muxer-webm: aa71ff27fc2769a1b78a27578f13a17b -> 
  custom:container-demuxer-webm: 4f35f7cbe854078d1ac9338744f61a02 -> 
  custom:container-demuxer-ogg: 62fdf1f143b41e24485cea50d1cbac27 -> 
  custom:video-encoder-webm-vp8: eb34c28f22e8b96e1ab97ce403110664 -> 
  custom:video-decoder-webm-vp8: 9c59270c3fd7afecdb556c50c9e8de78 -> 
  custom:graphics/normal-map-encoding: 01000000000000000000000000000000 -> 02000000000000000000000000000000
  custom:audio-decoder-ogg-vorbis: bf7c407c2cedff20999df2af8eb42d56 -> 
  custom:audio-encoder-webm-vorbis: bf7c407c2cedff20999df2af8eb42d56 -> 
========================================================================
Received Prepare
Refreshing native plugins compatible for Editor in 4.69 ms, found 3 plugins.
Preloading 0 native plugins for Editor in 0.00 ms.
Unloading 19 Unused Serialized files (Serialized files now loaded: 0)
System memory in use before: 56.4 MB.
System memory in use after: 56.4 MB.

Unloading 19 unused Assets to reduce memory usage. Loaded Objects now: 2609.
Total: 3.375800 ms (FindLiveObjects: 0.242600 ms CreateObjectMapping: 0.093300 ms MarkObjects: 2.918000 ms  DeleteObjects: 0.120500 ms)

AssetImportParameters requested are different than current active one (requested -> active):
  custom:framework-win-MediaFoundation: 216162199b28c13a410421893ffa2e32 -> 
  custom:video-decoder-ogg-theora: a1e56fd34408186e4bbccfd4996cb3dc -> 
  custom:container-muxer-webm: aa71ff27fc2769a1b78a27578f13a17b -> 
  custom:container-demuxer-webm: 4f35f7cbe854078d1ac9338744f61a02 -> 
  custom:container-demuxer-ogg: 62fdf1f143b41e24485cea50d1cbac27 -> 
  custom:video-encoder-webm-vp8: eb34c28f22e8b96e1ab97ce403110664 -> 
  custom:video-decoder-webm-vp8: 9c59270c3fd7afecdb556c50c9e8de78 -> 
  custom:audio-decoder-ogg-vorbis: bf7c407c2cedff20999df2af8eb42d56 -> 
  custom:audio-encoder-webm-vorbis: bf7c407c2cedff20999df2af8eb42d56 -> 
========================================================================
Received Import Request.
  Time since last request: 1010.291129 seconds.
  path: Assets/Scenes/MainMenu.unity
  artifactKey: Guid(f2ecced49e2828849adecf5f4fdd9707) Importer(815301076,1909f56bfc062723c751e8b465ee728b)
Start importing Assets/Scenes/MainMenu.unity using Guid(f2ecced49e2828849adecf5f4fdd9707) Importer(815301076,1909f56bfc062723c751e8b465ee728b)  -> (artifact id: 'a6c2bbcfd2fa240c88ccfd15ddfa5e3f') in 0.053330 seconds 
  Import took 0.074700 seconds .

========================================================================
Received Import Request.
  Time since last request: 67.708167 seconds.
  path: Assets/Fonts/AMATICSC-BOLD SDF.asset
  artifactKey: Guid(4ce74303b517b3e4b80b2d1275d47818) Importer(815301076,1909f56bfc062723c751e8b465ee728b)
Start importing Assets/Fonts/AMATICSC-BOLD SDF.asset using Guid(4ce74303b517b3e4b80b2d1275d47818) Importer(815301076,1909f56bfc062723c751e8b465ee728b)  -> (artifact id: '0729bf2ec336338dcd7a441a0a13fb1f') in 0.841149 seconds 
  Import took 0.862834 seconds .

========================================================================
Received Import Request.
  Time since last request: 0.000286 seconds.
  path: Assets/Fonts/SUPERSONIC ROCKETSHIP SDF.asset
  artifactKey: Guid(cd560a109b4b0fb418fdef8bf5a4c01a) Importer(815301076,1909f56bfc062723c751e8b465ee728b)
Start importing Assets/Fonts/SUPERSONIC ROCKETSHIP SDF.asset using Guid(cd560a109b4b0fb418fdef8bf5a4c01a) Importer(815301076,1909f56bfc062723c751e8b465ee728b)  -> (artifact id: '16b7ec3ef63d4366ac2c20a0dac28f93') in 0.144413 seconds 
  Import took 0.163869 seconds .

========================================================================
Received Import Request.
  Time since last request: 0.000403 seconds.
  path: Assets/Sprites/BG2.png
  artifactKey: Guid(543c15f26867e824c812233ea8c7d381) Importer(815301076,1909f56bfc062723c751e8b465ee728b)
Start importing Assets/Sprites/BG2.png using Guid(543c15f26867e824c812233ea8c7d381) Importer(815301076,1909f56bfc062723c751e8b465ee728b)  -> (artifact id: 'd10c52a8c4a5e4d61420f1d642b6ab65') in 0.237945 seconds 
  Import took 0.253422 seconds .

========================================================================
Received Import Request.
  Time since last request: 0.000284 seconds.
  path: Assets/Sprites/BG1.png
  artifactKey: Guid(e86e59d7c1053754ebd275892a896089) Importer(815301076,1909f56bfc062723c751e8b465ee728b)
Start importing Assets/Sprites/BG1.png using Guid(e86e59d7c1053754ebd275892a896089) Importer(815301076,1909f56bfc062723c751e8b465ee728b)  -> (artifact id: '68d2138b2df4d222e8fc0408441b6ba5') in 0.162904 seconds 
  Import took 0.184731 seconds .

========================================================================
Received Import Request.
  Time since last request: 0.000250 seconds.
  path: Assets/Sprites/new_buttons.png
  artifactKey: Guid(83a1fb328d1b0da40be41c4f0f53158e) Importer(815301076,1909f56bfc062723c751e8b465ee728b)
Start importing Assets/Sprites/new_buttons.png using Guid(83a1fb328d1b0da40be41c4f0f53158e) Importer(815301076,1909f56bfc062723c751e8b465ee728b)  -> (artifact id: 'a7e17b130b60fc5f814c6450600eb287') in 0.046760 seconds 
  Import took 0.066844 seconds .

========================================================================
Received Import Request.
  Time since last request: 0.000261 seconds.
  path: Assets/TextMesh Pro/Fonts/AGENCYR.TTF
  artifactKey: Guid(320fe52fcd6d7d3418ad24a3f20ea56d) Importer(815301076,1909f56bfc062723c751e8b465ee728b)
Start importing Assets/TextMesh Pro/Fonts/AGENCYR.TTF using Guid(320fe52fcd6d7d3418ad24a3f20ea56d) Importer(815301076,1909f56bfc062723c751e8b465ee728b)  -> (artifact id: 'f2dff501edf5baf4281b111e236df28f') in 0.147901 seconds 
  Import took 0.171397 seconds .

========================================================================
Received Import Request.
  Time since last request: 0.000269 seconds.
  path: Assets/TextMesh Pro/Sprites/EmojiOne.png
  artifactKey: Guid(dffef66376be4fa480fb02b19edbe903) Importer(815301076,1909f56bfc062723c751e8b465ee728b)
Start importing Assets/TextMesh Pro/Sprites/EmojiOne.png using Guid(dffef66376be4fa480fb02b19edbe903) Importer(815301076,1909f56bfc062723c751e8b465ee728b)  -> (artifact id: '1bdbab79574d9199534a6046307e1746') in 0.105770 seconds 
  Import took 0.120282 seconds .

========================================================================
Received Import Request.
  Time since last request: 0.000272 seconds.
  path: Assets/TextMesh Pro/Fonts/AGENCYB.TTF
  artifactKey: Guid(61315cc67d24c9347b3b321f524c853d) Importer(815301076,1909f56bfc062723c751e8b465ee728b)
Start importing Assets/TextMesh Pro/Fonts/AGENCYB.TTF using Guid(61315cc67d24c9347b3b321f524c853d) Importer(815301076,1909f56bfc062723c751e8b465ee728b)  -> (artifact id: '42d049fd4ebccf3f9b3132e37da5b662') in 0.056496 seconds 
  Import took 0.079098 seconds .

========================================================================
Received Import Request.
  Time since last request: 0.000278 seconds.
  path: Assets/Sprites/color1.png
  artifactKey: Guid(2d3b1e8f1b9af5941b64dc1c4423e90a) Importer(815301076,1909f56bfc062723c751e8b465ee728b)
Start importing Assets/Sprites/color1.png using Guid(2d3b1e8f1b9af5941b64dc1c4423e90a) Importer(815301076,1909f56bfc062723c751e8b465ee728b)  -> (artifact id: '2529799d6e9970a73107fffa5613d0e4') in 0.222728 seconds 
  Import took 0.250995 seconds .

========================================================================
Received Import Request.
  Time since last request: 0.000315 seconds.
  path: Assets/TextMesh Pro/Resources/Fonts & Materials/LiberationSans SDF.asset
  artifactKey: Guid(8f586378b4e144a9851e7b34d9b748ee) Importer(815301076,1909f56bfc062723c751e8b465ee728b)
Start importing Assets/TextMesh Pro/Resources/Fonts & Materials/LiberationSans SDF.asset using Guid(8f586378b4e144a9851e7b34d9b748ee) Importer(815301076,1909f56bfc062723c751e8b465ee728b)  -> (artifact id: 'f1280cc7be10b532b2897fc8654f95d3') in 0.711432 seconds 
  Import took 0.729720 seconds .

========================================================================
Received Import Request.
  Time since last request: 655.403999 seconds.
  path: Assets/Sprites/IconFinal.png
  artifactKey: Guid(aec8a55819e34d948b6ef420c4dbc81b) Importer(815301076,1909f56bfc062723c751e8b465ee728b)
Start importing Assets/Sprites/IconFinal.png using Guid(aec8a55819e34d948b6ef420c4dbc81b) Importer(815301076,1909f56bfc062723c751e8b465ee728b)  -> (artifact id: '2edaa7062774060ab8c7c5737f513678') in 0.727706 seconds 
  Import took 0.749155 seconds .

========================================================================
Received Import Request.
  Time since last request: 0.013105 seconds.
  path: Assets/Sprites/IconFinal.png
  artifactKey: Guid(aec8a55819e34d948b6ef420c4dbc81b) Importer(815301076,1909f56bfc062723c751e8b465ee728b)
Start importing Assets/Sprites/IconFinal.png using Guid(aec8a55819e34d948b6ef420c4dbc81b) Importer(815301076,1909f56bfc062723c751e8b465ee728b)  -> (artifact id: '2edaa7062774060ab8c7c5737f513678') in 0.123605 seconds 
  Import took 0.128091 seconds .

